2021-01-24 14:24:06.848 INFO  (main) [   ] o.e.j.u.log Logging initialized @21808ms to org.eclipse.jetty.util.log.Slf4jLog
2021-01-24 14:24:07.360 WARN  (main) [   ] o.e.j.s.AbstractConnector Ignoring deprecated socket close linger time
2021-01-24 14:24:07.360 WARN  (main) [   ] o.e.j.x.XmlConfiguration Deprecated method public void org.eclipse.jetty.server.ServerConnector.setSoLingerTime(int) in file:///C:/Users/kakum/OneDrive/%E3%83%87%E3%82%B9%E3%82%AF%E3%83%88%E3%83%83%E3%83%97/website/tanka_murata/solr-8.4.1/server/etc/jetty-http.xml
2021-01-24 14:24:07.372 INFO  (main) [   ] o.e.j.s.Server jetty-9.4.19.v20190610; built: 2019-06-10T16:30:51.723Z; git: afcf563148970e98786327af5e07c261fda175d3; jvm 1.8.0_231-b11
2021-01-24 14:24:07.424 INFO  (main) [   ] o.e.j.d.p.ScanningAppProvider Deployment monitor [file:///C:/Users/kakum/OneDrive/%E3%83%87%E3%82%B9%E3%82%AF%E3%83%88%E3%83%83%E3%83%97/website/tanka_murata/solr-8.4.1/server/contexts/] at interval 0
2021-01-24 14:24:39.543 INFO  (main) [   ] o.e.j.w.StandardDescriptorProcessor NO JSP Support for /solr, did not find org.apache.jasper.servlet.JspServlet
2021-01-24 14:24:39.575 INFO  (main) [   ] o.e.j.s.session DefaultSessionIdManager workerName=node0
2021-01-24 14:24:39.575 INFO  (main) [   ] o.e.j.s.session No SessionScavenger set, using defaults
2021-01-24 14:24:39.587 INFO  (main) [   ] o.e.j.s.session node0 Scavenging every 660000ms
2021-01-24 14:24:39.858 INFO  (main) [   ] o.a.s.s.SolrDispatchFilter Using logger factory org.apache.logging.slf4j.Log4jLoggerFactory
2021-01-24 14:24:39.867 INFO  (main) [   ] o.a.s.s.SolrDispatchFilter  ___      _       Welcome to Apache Solr? version 8.4.1
2021-01-24 14:24:39.867 INFO  (main) [   ] o.a.s.s.SolrDispatchFilter / __| ___| |_ _   Starting in standalone mode on port 8983
2021-01-24 14:24:39.867 INFO  (main) [   ] o.a.s.s.SolrDispatchFilter \__ \/ _ \ | '_|  Install dir: C:\Users\kakum\OneDrive\デスクトップ\website\tanka_murata\solr-8.4.1
2021-01-24 14:24:39.872 INFO  (main) [   ] o.a.s.s.SolrDispatchFilter |___/\___/_|_|    Start time: 2021-01-24T14:24:39.869Z
2021-01-24 14:24:39.913 INFO  (main) [   ] o.a.s.c.SolrResourceLoader Using system property solr.solr.home: C:\Users\kakum\OneDrive\デスクトップ\website\tanka_murata\solr-8.4.1\server\solr
2021-01-24 14:24:39.923 INFO  (main) [   ] o.a.s.c.SolrXmlConfig Loading container configuration from C:\Users\kakum\OneDrive\デスクトップ\website\tanka_murata\solr-8.4.1\server\solr\solr.xml
2021-01-24 14:24:40.071 INFO  (main) [   ] o.a.s.c.SolrXmlConfig MBean server found: com.sun.jmx.mbeanserver.JmxMBeanServer@e50a6f6, but no JMX reporters were configured - adding default JMX reporter.
2021-01-24 14:24:40.970 INFO  (main) [   ] o.a.s.h.c.HttpShardHandlerFactory Host whitelist initialized: WhitelistHostChecker [whitelistHosts=null, whitelistHostCheckingEnabled=true]
2021-01-24 14:24:42.313 WARN  (main) [   ] o.e.j.u.s.S.config Trusting all certificates configured for Client@1fcb4808[provider=null,keyStore=null,trustStore=null]
2021-01-24 14:24:42.313 WARN  (main) [   ] o.e.j.u.s.S.config No Client EndPointIdentificationAlgorithm configured for Client@1fcb4808[provider=null,keyStore=null,trustStore=null]
2021-01-24 14:24:42.448 WARN  (main) [   ] o.e.j.u.s.S.config Trusting all certificates configured for Client@4c168660[provider=null,keyStore=null,trustStore=null]
2021-01-24 14:24:42.448 WARN  (main) [   ] o.e.j.u.s.S.config No Client EndPointIdentificationAlgorithm configured for Client@4c168660[provider=null,keyStore=null,trustStore=null]
2021-01-24 14:24:42.478 WARN  (main) [   ] o.a.s.c.CoreContainer Not all security plugins configured!  authentication=disabled authorization=disabled.  Solr is only as secure as you make it. Consider configuring authentication/authorization before exposing Solr to users internal or external.  See https://s.apache.org/solrsecurity for more info
2021-01-24 14:24:42.784 INFO  (main) [   ] o.a.s.c.TransientSolrCoreCacheDefault Allocating transient cache for 2147483647 transient cores
2021-01-24 14:24:42.787 INFO  (main) [   ] o.a.s.h.a.MetricsHistoryHandler No .system collection, keeping metrics history in memory.
2021-01-24 14:24:42.884 INFO  (main) [   ] o.a.s.m.r.SolrJmxReporter JMX monitoring for 'solr.node' (registry 'solr.node') enabled at server: com.sun.jmx.mbeanserver.JmxMBeanServer@e50a6f6
2021-01-24 14:24:42.884 INFO  (main) [   ] o.a.s.m.r.SolrJmxReporter JMX monitoring for 'solr.jvm' (registry 'solr.jvm') enabled at server: com.sun.jmx.mbeanserver.JmxMBeanServer@e50a6f6
2021-01-24 14:24:42.890 INFO  (main) [   ] o.a.s.m.r.SolrJmxReporter JMX monitoring for 'solr.jetty' (registry 'solr.jetty') enabled at server: com.sun.jmx.mbeanserver.JmxMBeanServer@e50a6f6
2021-01-24 14:24:42.959 INFO  (main) [   ] o.a.s.c.CorePropertiesLocator Found 1 core definitions underneath C:\Users\kakum\OneDrive\デスクトップ\website\tanka_murata\solr-8.4.1\server\solr
2021-01-24 14:24:42.960 INFO  (main) [   ] o.a.s.c.CorePropertiesLocator Cores are: [tanka4]
2021-01-24 14:24:43.035 INFO  (coreLoadExecutor-9-thread-1) [   x:tanka4] o.a.s.c.SolrConfig Using Lucene MatchVersion: 8.4.1
2021-01-24 14:24:43.314 INFO  (coreLoadExecutor-9-thread-1) [   x:tanka4] o.a.s.s.IndexSchema [tanka4] Schema name=default-config
2021-01-24 14:24:44.539 INFO  (coreLoadExecutor-9-thread-1) [   x:tanka4] o.a.s.s.IndexSchema Loaded schema default-config/1.6 with uniqueid field id
2021-01-24 14:24:44.757 INFO  (coreLoadExecutor-9-thread-1) [   x:tanka4] o.a.s.c.CoreContainer Creating SolrCore 'tanka4' using configuration from instancedir C:\Users\kakum\OneDrive\デスクトップ\website\tanka_murata\solr-8.4.1\server\solr\tanka4, trusted=true
2021-01-24 14:24:44.816 INFO  (coreLoadExecutor-9-thread-1) [   x:tanka4] o.a.s.m.r.SolrJmxReporter JMX monitoring for 'solr.core.tanka4' (registry 'solr.core.tanka4') enabled at server: com.sun.jmx.mbeanserver.JmxMBeanServer@e50a6f6
2021-01-24 14:24:44.853 INFO  (coreLoadExecutor-9-thread-1) [   x:tanka4] o.a.s.c.SolrCore [[tanka4] ] Opening new SolrCore at [C:\Users\kakum\OneDrive\デスクトップ\website\tanka_murata\solr-8.4.1\server\solr\tanka4], dataDir=[C:\Users\kakum\OneDrive\デスクトップ\website\tanka_murata\solr-8.4.1\server\solr\tanka4\data\]
2021-01-24 14:24:45.344 INFO  (main) [   ] o.e.j.s.h.ContextHandler Started o.e.j.w.WebAppContext@649bec2e{/solr,file:///C:/Users/kakum/OneDrive/%E3%83%87%E3%82%B9%E3%82%AF%E3%83%88%E3%83%83%E3%83%97/website/tanka_murata/solr-8.4.1/server/solr-webapp/webapp/,AVAILABLE}{C:\Users\kakum\OneDrive\デスクトップ\website\tanka_murata\solr-8.4.1\server/solr-webapp/webapp}
2021-01-24 14:24:45.366 INFO  (main) [   ] o.e.j.s.AbstractConnector Started ServerConnector@4e08711f{HTTP/1.1,[http/1.1, h2c]}{0.0.0.0:8983}
2021-01-24 14:24:45.367 INFO  (main) [   ] o.e.j.s.Server Started @60328ms
2021-01-24 14:24:45.910 INFO  (coreLoadExecutor-9-thread-1) [   x:tanka4] o.a.s.u.UpdateHandler Using UpdateLog implementation: org.apache.solr.update.UpdateLog
2021-01-24 14:24:45.910 INFO  (coreLoadExecutor-9-thread-1) [   x:tanka4] o.a.s.u.UpdateLog Initializing UpdateLog: dataDir= defaultSyncLevel=FLUSH numRecordsToKeep=100 maxNumLogsToKeep=10 numVersionBuckets=65536
2021-01-24 14:24:45.969 INFO  (coreLoadExecutor-9-thread-1) [   x:tanka4] o.a.s.u.CommitTracker Hard AutoCommit: if uncommitted for 15000ms; 
2021-01-24 14:24:45.969 INFO  (coreLoadExecutor-9-thread-1) [   x:tanka4] o.a.s.u.CommitTracker Soft AutoCommit: disabled
2021-01-24 14:24:46.627 INFO  (coreLoadExecutor-9-thread-1) [   x:tanka4] o.a.s.s.SolrIndexSearcher Opening [Searcher@157ada28[tanka4] main]
2021-01-24 14:24:46.668 INFO  (coreLoadExecutor-9-thread-1) [   x:tanka4] o.a.s.r.ManagedResourceStorage File-based storage initialized to use dir: C:\Users\kakum\OneDrive\デスクトップ\website\tanka_murata\solr-8.4.1\server\solr\tanka4\conf
2021-01-24 14:24:46.716 INFO  (coreLoadExecutor-9-thread-1) [   x:tanka4] o.a.s.h.c.SpellCheckComponent Initializing spell checkers
2021-01-24 14:24:46.724 INFO  (coreLoadExecutor-9-thread-1) [   x:tanka4] o.a.s.s.DirectSolrSpellChecker init: {name=default,field=_text_,classname=solr.DirectSolrSpellChecker,distanceMeasure=internal,accuracy=0.5,maxEdits=2,minPrefix=1,maxInspections=5,minQueryLength=4,maxQueryFrequency=0.01}
2021-01-24 14:24:46.740 INFO  (coreLoadExecutor-9-thread-1) [   x:tanka4] o.a.s.h.ReplicationHandler Commits will be reserved for 10000ms.
2021-01-24 14:24:46.794 INFO  (searcherExecutor-10-thread-1-processing-x:tanka4) [   x:tanka4] o.a.s.c.QuerySenderListener QuerySenderListener sending requests to Searcher@157ada28[tanka4] main{ExitableDirectoryReader(UninvertingDirectoryReader(Uninverting(_1x(8.4.1):C25012/25002:[diagnostics={os=Windows 10, java.version=1.8.0_231, os.arch=amd64, java.runtime.version=1.8.0_231-b11, source=merge, os.version=10.0, java.vendor=Oracle Corporation, java.vm.version=25.231-b11, lucene.version=8.4.1, mergeMaxNumSegments=-1, mergeFactor=2, timestamp=1585653032559}]:[attributes={Lucene50StoredFieldsFormat.mode=BEST_SPEED}]:delGen=1) Uninverting(_1y(8.4.1):C25833:[diagnostics={java.vendor=Oracle Corporation, os=Windows 10, java.version=1.8.0_231, java.vm.version=25.231-b11, lucene.version=8.4.1, os.arch=amd64, java.runtime.version=1.8.0_231-b11, source=flush, os.version=10.0, timestamp=1585653076388}]:[attributes={Lucene50StoredFieldsFormat.mode=BEST_SPEED}])))}
2021-01-24 14:24:46.794 INFO  (searcherExecutor-10-thread-1-processing-x:tanka4) [   x:tanka4] o.a.s.c.QuerySenderListener QuerySenderListener done.
2021-01-24 14:24:46.794 INFO  (searcherExecutor-10-thread-1-processing-x:tanka4) [   x:tanka4] o.a.s.h.c.SpellCheckComponent Loading spell index for spellchecker: default
2021-01-24 14:24:46.805 INFO  (searcherExecutor-10-thread-1-processing-x:tanka4) [   x:tanka4] o.a.s.c.SolrCore [tanka4] Registered new searcher Searcher@157ada28[tanka4] main{ExitableDirectoryReader(UninvertingDirectoryReader(Uninverting(_1x(8.4.1):C25012/25002:[diagnostics={os=Windows 10, java.version=1.8.0_231, os.arch=amd64, java.runtime.version=1.8.0_231-b11, source=merge, os.version=10.0, java.vendor=Oracle Corporation, java.vm.version=25.231-b11, lucene.version=8.4.1, mergeMaxNumSegments=-1, mergeFactor=2, timestamp=1585653032559}]:[attributes={Lucene50StoredFieldsFormat.mode=BEST_SPEED}]:delGen=1) Uninverting(_1y(8.4.1):C25833:[diagnostics={java.vendor=Oracle Corporation, os=Windows 10, java.version=1.8.0_231, java.vm.version=25.231-b11, lucene.version=8.4.1, os.arch=amd64, java.runtime.version=1.8.0_231-b11, source=flush, os.version=10.0, timestamp=1585653076388}]:[attributes={Lucene50StoredFieldsFormat.mode=BEST_SPEED}])))}
2021-01-24 14:26:00.639 INFO  (qtp694316372-23) [   ] o.a.s.s.HttpSolrCall [admin] webapp=null path=/admin/info/system params={wt=json} status=0 QTime=117
2021-01-24 14:27:56.612 INFO  (qtp694316372-23) [   ] o.a.s.s.HttpSolrCall [admin] webapp=null path=/admin/cores params={indexInfo=false&wt=json&_=1611498476245} status=0 QTime=2
2021-01-24 14:27:56.768 INFO  (qtp694316372-41) [   ] o.a.s.s.HttpSolrCall [admin] webapp=null path=/admin/info/system params={wt=json&_=1611498476246} status=0 QTime=154
2021-01-24 14:27:56.885 INFO  (qtp694316372-22) [   ] o.a.s.s.HttpSolrCall [admin] webapp=null path=/admin/info/system params={wt=json&_=1611498476246} status=0 QTime=111
2021-01-24 14:28:05.911 INFO  (qtp694316372-21) [   ] o.a.s.s.HttpSolrCall [admin] webapp=null path=/admin/cores params={indexInfo=false&wt=json&_=1611498476245} status=0 QTime=0
2021-01-24 14:28:05.930 INFO  (qtp694316372-24) [   x:tanka4] o.a.s.c.S.Request [tanka4]  webapp=/solr path=/admin/ping params={action=status&wt=json&_=1611498476246&ts=1611498476246} status=503 QTime=5
2021-01-24 14:28:05.931 INFO  (qtp694316372-16) [   x:tanka4] o.a.s.c.S.Request [tanka4]  webapp=/solr path=/admin/luke params={numTerms=0&show=index&wt=json&_=1611498485902} status=0 QTime=13
2021-01-24 14:28:05.938 INFO  (qtp694316372-23) [   x:tanka4] o.a.s.c.S.Request [tanka4]  webapp=/solr path=/replication params={wt=json&command=details&_=1611498485902} status=0 QTime=18
2021-01-24 14:28:06.159 INFO  (qtp694316372-18) [   ] o.a.s.s.HttpSolrCall [admin] webapp=null path=/admin/info/system params={wt=json&_=1611498476246} status=0 QTime=245
2021-01-24 14:28:06.159 INFO  (qtp694316372-22) [   x:tanka4] o.a.s.c.S.Request [tanka4]  webapp=/solr path=/admin/system params={wt=json&_=1611498485902} status=0 QTime=238
2021-01-24 14:29:23.845 INFO  (qtp694316372-22) [   x:tanka4] o.a.s.c.S.Request [tanka4]  webapp=/solr path=/select params={q=poet:赤&facet.pivot=author_st,title_st&fl=poet,author,title,id,year,group&start=0&rows=20&rows=20&facet=on&facet.sort=count} hits=410 status=0 QTime=197
2021-01-24 14:29:23.866 INFO  (qtp694316372-18) [   x:tanka4] o.a.s.c.S.Request [tanka4]  webapp=/solr path=/select params={q=poet:赤&rows=1000} hits=410 status=0 QTime=3
2021-01-24 14:29:48.228 INFO  (qtp694316372-19) [   x:tanka4] o.a.s.c.S.Request [tanka4]  webapp=/solr path=/select params={q=poet:赤&facet.pivot=author_st,title_st&fl=poet,author,title,id,year,group&start=0&rows=20&rows=20&facet=on&facet.sort=count} hits=410 status=0 QTime=4
2021-01-24 14:29:48.235 INFO  (qtp694316372-25) [   x:tanka4] o.a.s.c.S.Request [tanka4]  webapp=/solr path=/select params={q=poet:赤&rows=1000} hits=410 status=0 QTime=2
2021-01-24 14:29:51.877 INFO  (qtp694316372-16) [   x:tanka4] o.a.s.c.S.Request [tanka4]  webapp=/solr path=/select params={q=poet:赤&facet.pivot=author_st,title_st&fl=poet,author,title,id,year,group&start=0&rows=20&rows=20&facet=on&facet.sort=count} hits=410 status=0 QTime=3
2021-01-24 14:29:51.882 INFO  (qtp694316372-18) [   x:tanka4] o.a.s.c.S.Request [tanka4]  webapp=/solr path=/select params={q=poet:赤&rows=1000} hits=410 status=0 QTime=1
2021-01-24 14:30:02.761 INFO  (qtp694316372-21) [   x:tanka4] o.a.s.c.S.Request [tanka4]  webapp=/solr path=/select params={q=poet:赤&facet.pivot=author_st,title_st&fl=poet,author,title,id,year,group&start=0&rows=20&rows=20&facet=on&facet.sort=count} hits=410 status=0 QTime=3
2021-01-24 14:30:02.766 INFO  (qtp694316372-25) [   x:tanka4] o.a.s.c.S.Request [tanka4]  webapp=/solr path=/select params={q=poet:赤&rows=1000} hits=410 status=0 QTime=1
2021-01-24 14:49:28.370 INFO  (qtp694316372-21) [   x:tanka4] o.a.s.c.S.Request [tanka4]  webapp=/solr path=/select params={q=poet:赤&facet.pivot=author_st,title_st&fl=poet,author,title,id,year,group&start=0&rows=20&rows=20&facet=on&facet.sort=count} hits=410 status=0 QTime=3
2021-01-24 14:49:28.370 INFO  (qtp694316372-18) [   x:tanka4] o.a.s.c.S.Request [tanka4]  webapp=/solr path=/select params={q=poet:赤&rows=1000} hits=410 status=0 QTime=1
2021-01-25 13:06:06.598 INFO  (qtp694316372-24) [   x:tanka4] o.a.s.c.S.Request [tanka4]  webapp=/solr path=/select params={q=poet:赤&facet.pivot=author_st,title_st&fl=poet,author,title,id,year,group&start=0&rows=20&rows=20&facet=on&facet.sort=count} hits=410 status=0 QTime=66
2021-01-25 13:06:06.630 INFO  (qtp694316372-25) [   x:tanka4] o.a.s.c.S.Request [tanka4]  webapp=/solr path=/select params={q=poet:赤&rows=1000} hits=410 status=0 QTime=10
2021-01-26 10:36:02.109 INFO  (qtp694316372-22) [   ] o.a.s.s.HttpSolrCall [admin] webapp=null path=/admin/cores params={indexInfo=false&wt=json&_=1611498476245} status=0 QTime=20
2021-01-26 10:36:02.491 INFO  (qtp694316372-25) [   ] o.a.s.s.HttpSolrCall [admin] webapp=null path=/admin/info/system params={wt=json&_=1611498476246} status=0 QTime=410
2021-01-26 10:36:02.642 INFO  (qtp694316372-19) [   ] o.a.s.s.HttpSolrCall [admin] webapp=null path=/admin/info/system params={wt=json&_=1611498476246} status=0 QTime=139
2021-01-26 10:41:45.183 INFO  (qtp694316372-46) [   x:tanka4] o.a.s.c.S.Request [tanka4]  webapp=/solr path=/select params={q=poet:赤&facet.pivot=author_st,title_st&fl=poet,author,title,id,year,group&start=0&rows=20&rows=20&facet=on&facet.sort=count} hits=410 status=0 QTime=47
2021-01-26 10:43:22.099 INFO  (qtp694316372-46) [   x:tanka4] o.a.s.c.S.Request [tanka4]  webapp=/solr path=/select params={q=poet:赤&facet.pivot=author_st,title_st&fl=poet,author,title,id,year,group&start=0&rows=20&rows=20&facet=on&facet.sort=count} hits=410 status=0 QTime=7
2021-01-26 10:43:22.135 INFO  (qtp694316372-21) [   x:tanka4] o.a.s.c.S.Request [tanka4]  webapp=/solr path=/select params={q=poet:赤&rows=1000} hits=410 status=0 QTime=24
2021-01-26 10:44:02.459 INFO  (qtp694316372-25) [   x:tanka4] o.a.s.c.S.Request [tanka4]  webapp=/solr path=/select params={q=poet:赤&facet.pivot=author_st,title_st&fl=poet,author,title,id,year,group&start=0&rows=20&rows=20&facet=on&facet.sort=count} hits=410 status=0 QTime=24
