#
# There is insufficient memory for the Java Runtime Environment to continue.
# Native memory allocation (mmap) failed to map 262144 bytes for committing reserved memory.
# Possible reasons:
#   The system is out of physical RAM or swap space
#   The process is running with CompressedOops enabled, and the Java Heap may be blocking the growth of the native heap
# Possible solutions:
#   Reduce memory load on the system
#   Increase physical memory or swap space
#   Check if swap backing store is full
#   Decrease Java heap size (-Xmx/-Xms)
#   Decrease number of Java threads
#   Decrease Java thread stack sizes (-Xss)
#   Set larger code cache with -XX:ReservedCodeCacheSize=
#   JVM is running with Unscaled Compressed Oops mode in which the Java heap is
#     placed in the first 4GB address space. The Java Heap base address is the
#     maximum limit for the native heap growth. Please use -XX:HeapBaseMinAddress
#     to set the Java Heap base and to place the Java Heap above 4GB virtual address.
# This output file may be truncated or incomplete.
#
#  Out of Memory Error (os_linux.cpp:2916), pid=24522, tid=24523
#
# JRE version: OpenJDK Runtime Environment Corretto-11.0.9.12.1 (11.0.9.1+12) (build 11.0.9.1+12-LTS)
# Java VM: OpenJDK 64-Bit Server VM Corretto-11.0.9.12.1 (11.0.9.1+12-LTS, mixed mode, tiered, compressed oops, serial gc, linux-amd64)
# No core dump will be written. Core dumps have been disabled. To enable core dumping, try "ulimit -c unlimited" before starting Java again
#

---------------  S U M M A R Y ------------

Command Line: -Dsolr.install.dir=/var/www/html/solr-8.7.0 -Dlog4j.configurationFile=/var/www/html/solr-8.7.0/server/resources/log4j2-console.xml org.apache.solr.util.SolrCLI status -solr http://localhost:8983/solr

Host: Intel(R) Xeon(R) CPU E5-2676 v3 @ 2.40GHz, 1 cores, 983M, Amazon Linux release 2 (Karoo)
Time: Mon Jan 11 14:17:05 2021 UTC elapsed time: 1.689099 seconds (0d 0h 0m 1s)

---------------  T H R E A D  ---------------

Current thread (0x00007f1754029800):  JavaThread "main" [_thread_in_vm, id=24523, stack(0x00007f175bf84000,0x00007f175c085000)]

Stack: [0x00007f175bf84000,0x00007f175c085000],  sp=0x00007f175c07d5c0,  free space=997k
Native frames: (J=compiled Java code, A=aot compiled Java code, j=interpreted, Vv=VM code, C=native code)
V  [libjvm.so+0xdf0b19]  VMError::report_and_die(int, char const*, char const*, __va_list_tag*, Thread*, unsigned char*, void*, void*, char const*, int, unsigned long)+0x379
V  [libjvm.so+0xdf178b]  VMError::report_and_die(Thread*, char const*, int, unsigned long, VMErrorType, char const*, __va_list_tag*)+0x2b
V  [libjvm.so+0x67b7a0]  report_vm_out_of_memory(char const*, int, unsigned long, VMErrorType, char const*, ...)+0xd0
V  [libjvm.so+0xbd932b]  os::pd_commit_memory(char*, unsigned long, unsigned long, bool)+0xfb
V  [libjvm.so+0xbd029f]  os::commit_memory(char*, unsigned long, unsigned long, bool)+0x1f
V  [libjvm.so+0xde86bf]  VirtualSpace::expand_by(unsigned long, bool)+0x17f
V  [libjvm.so+0xde72ff]  metaspace::VirtualSpaceNode::expand_by(unsigned long, unsigned long)+0x5f
V  [libjvm.so+0xde6554]  metaspace::VirtualSpaceList::get_new_chunk(unsigned long, unsigned long)+0x124
V  [libjvm.so+0xcd21df]  metaspace::SpaceManager::grow_and_allocate(unsigned long)+0x2cf
V  [libjvm.so+0xcd23c1]  metaspace::SpaceManager::allocate(unsigned long)+0xd1
V  [libjvm.so+0xb4b6cd]  Metaspace::allocate(ClassLoaderData*, unsigned long, MetaspaceObj::Type, Thread*)+0x4d
V  [libjvm.so+0xb59e94]  Method::allocate(ClassLoaderData*, int, AccessFlags, InlineTableSizes*, ConstMethod::MethodType, Thread*)+0x64
V  [libjvm.so+0x6893ef]  DefaultMethods::generate_default_methods(InstanceKlass*, GrowableArray<Method*> const*, Thread*)+0x29bf
V  [libjvm.so+0x5bb645]  ClassFileParser::fill_instance_klass(InstanceKlass*, bool, Thread*)+0x1205
V  [libjvm.so+0x5bb70c]  ClassFileParser::create_instance_klass(bool, Thread*)+0x5c
V  [libjvm.so+0xa0d52a]  KlassFactory::create_from_stream(ClassFileStream*, Symbol*, ClassLoaderData*, Handle, InstanceKlass const*, GrowableArray<Handle>*, Thread*)+0x2ea
V  [libjvm.so+0xd4c9db]  SystemDictionary::resolve_from_stream(Symbol*, Handle, Handle, ClassFileStream*, Thread*)+0x15b
V  [libjvm.so+0x911708]  jvm_define_class_common(JNIEnv_*, char const*, _jobject*, signed char const*, int, _jobject*, char const*, Thread*)+0x1d8
V  [libjvm.so+0x91197f]  JVM_DefineClassWithSource+0x7f
C  [libjava.so+0xe951]  Java_java_lang_ClassLoader_defineClass1+0x1c1
j  java.lang.ClassLoader.defineClass1(Ljava/lang/ClassLoader;Ljava/lang/String;[BIILjava/security/ProtectionDomain;Ljava/lang/String;)Ljava/lang/Class;+0 java.base@11.0.9.1
j  java.lang.ClassLoader.defineClass(Ljava/lang/String;[BIILjava/security/ProtectionDomain;)Ljava/lang/Class;+27 java.base@11.0.9.1
j  java.security.SecureClassLoader.defineClass(Ljava/lang/String;[BIILjava/security/CodeSource;)Ljava/lang/Class;+12 java.base@11.0.9.1
j  jdk.internal.loader.BuiltinClassLoader.defineClass(Ljava/lang/String;Ljdk/internal/loader/Resource;)Ljava/lang/Class;+117 java.base@11.0.9.1
j  jdk.internal.loader.BuiltinClassLoader.findClassOnClassPathOrNull(Ljava/lang/String;)Ljava/lang/Class;+37 java.base@11.0.9.1
j  jdk.internal.loader.BuiltinClassLoader.loadClassOrNull(Ljava/lang/String;Z)Ljava/lang/Class;+111 java.base@11.0.9.1
j  jdk.internal.loader.BuiltinClassLoader.loadClass(Ljava/lang/String;Z)Ljava/lang/Class;+3 java.base@11.0.9.1
j  jdk.internal.loader.ClassLoaders$AppClassLoader.loadClass(Ljava/lang/String;Z)Ljava/lang/Class;+36 java.base@11.0.9.1
j  java.lang.ClassLoader.loadClass(Ljava/lang/String;)Ljava/lang/Class;+3 java.base@11.0.9.1
v  ~StubRoutines::call_stub
V  [libjvm.so+0x865361]  JavaCalls::call_helper(JavaValue*, methodHandle const&, JavaCallArguments*, Thread*)+0x381
V  [libjvm.so+0x86367f]  JavaCalls::call_virtual(JavaValue*, Handle, Klass*, Symbol*, Symbol*, Handle, Thread*)+0x1ef
V  [libjvm.so+0xd4f779]  SystemDictionary::load_instance_class(Symbol*, Handle, Thread*)+0x239
V  [libjvm.so+0xd4d48f]  SystemDictionary::resolve_instance_class_or_null(Symbol*, Handle, Handle, Thread*)+0x8ef
V  [libjvm.so+0xd4daa5]  SystemDictionary::resolve_super_or_fail(Symbol*, Symbol*, Handle, Handle, bool, Thread*)+0x225
V  [libjvm.so+0x5ba082]  ClassFileParser::parse_interfaces(ClassFileStream const*, int, ConstantPool*, bool*, Thread*) [clone .part.139]+0x182
V  [libjvm.so+0x5bf80a]  ClassFileParser::parse_stream(ClassFileStream const*, Thread*) [clone .part.140]+0xc5a
V  [libjvm.so+0x5bfe51]  ClassFileParser::ClassFileParser(ClassFileStream*, Symbol*, ClassLoaderData*, Handle, InstanceKlass const*, GrowableArray<Handle>*, ClassFileParser::Publicity, Thread*)+0x3b1
V  [libjvm.so+0xa0d344]  KlassFactory::create_from_stream(ClassFileStream*, Symbol*, ClassLoaderData*, Handle, InstanceKlass const*, GrowableArray<Handle>*, Thread*)+0x104
V  [libjvm.so+0xd4c9db]  SystemDictionary::resolve_from_stream(Symbol*, Handle, Handle, ClassFileStream*, Thread*)+0x15b
V  [libjvm.so+0x911708]  jvm_define_class_common(JNIEnv_*, char const*, _jobject*, signed char const*, int, _jobject*, char const*, Thread*)+0x1d8
V  [libjvm.so+0x91197f]  JVM_DefineClassWithSource+0x7f
C  [libjava.so+0xe951]  Java_java_lang_ClassLoader_defineClass1+0x1c1
j  java.lang.ClassLoader.defineClass1(Ljava/lang/ClassLoader;Ljava/lang/String;[BIILjava/security/ProtectionDomain;Ljava/lang/String;)Ljava/lang/Class;+0 java.base@11.0.9.1
j  java.lang.ClassLoader.defineClass(Ljava/lang/String;[BIILjava/security/ProtectionDomain;)Ljava/lang/Class;+27 java.base@11.0.9.1
j  java.security.SecureClassLoader.defineClass(Ljava/lang/String;[BIILjava/security/CodeSource;)Ljava/lang/Class;+12 java.base@11.0.9.1
j  jdk.internal.loader.BuiltinClassLoader.defineClass(Ljava/lang/String;Ljdk/internal/loader/Resource;)Ljava/lang/Class;+117 java.base@11.0.9.1
j  jdk.internal.loader.BuiltinClassLoader.findClassOnClassPathOrNull(Ljava/lang/String;)Ljava/lang/Class;+37 java.base@11.0.9.1
j  jdk.internal.loader.BuiltinClassLoader.loadClassOrNull(Ljava/lang/String;Z)Ljava/lang/Class;+111 java.base@11.0.9.1
j  jdk.internal.loader.BuiltinClassLoader.loadClass(Ljava/lang/String;Z)Ljava/lang/Class;+3 java.base@11.0.9.1
j  jdk.internal.loader.ClassLoaders$AppClassLoader.loadClass(Ljava/lang/String;Z)Ljava/lang/Class;+36 java.base@11.0.9.1
j  java.lang.ClassLoader.loadClass(Ljava/lang/String;)Ljava/lang/Class;+3 java.base@11.0.9.1
v  ~StubRoutines::call_stub
V  [libjvm.so+0x865361]  JavaCalls::call_helper(JavaValue*, methodHandle const&, JavaCallArguments*, Thread*)+0x381
V  [libjvm.so+0x86367f]  JavaCalls::call_virtual(JavaValue*, Handle, Klass*, Symbol*, Symbol*, Handle, Thread*)+0x1ef
V  [libjvm.so+0xd4f779]  SystemDictionary::load_instance_class(Symbol*, Handle, Thread*)+0x239
V  [libjvm.so+0xd4d48f]  SystemDictionary::resolve_instance_class_or_null(Symbol*, Handle, Handle, Thread*)+0x8ef
V  [libjvm.so+0xd4daa5]  SystemDictionary::resolve_super_or_fail(Symbol*, Symbol*, Handle, Handle, bool, Thread*)+0x225
V  [libjvm.so+0x5b9496]  ClassFileParser::post_process_parsed_stream(ClassFileStream const*, ConstantPool*, Thread*)+0x4e6
V  [libjvm.so+0xa0d344]  KlassFactory::create_from_stream(ClassFileStream*, Symbol*, ClassLoaderData*, Handle, InstanceKlass const*, GrowableArray<Handle>*, Thread*)+0x104
V  [libjvm.so+0xd4c9db]  SystemDictionary::resolve_from_stream(Symbol*, Handle, Handle, ClassFileStream*, Thread*)+0x15b
V  [libjvm.so+0x911708]  jvm_define_class_common(JNIEnv_*, char const*, _jobject*, signed char const*, int, _jobject*, char const*, Thread*)+0x1d8
V  [libjvm.so+0x91197f]  JVM_DefineClassWithSource+0x7f
C  [libjava.so+0xe951]  Java_java_lang_ClassLoader_defineClass1+0x1c1
j  java.lang.ClassLoader.defineClass1(Ljava/lang/ClassLoader;Ljava/lang/String;[BIILjava/security/ProtectionDomain;Ljava/lang/String;)Ljava/lang/Class;+0 java.base@11.0.9.1
j  java.lang.ClassLoader.defineClass(Ljava/lang/String;[BIILjava/security/ProtectionDomain;)Ljava/lang/Class;+27 java.base@11.0.9.1
j  java.security.SecureClassLoader.defineClass(Ljava/lang/String;[BIILjava/security/CodeSource;)Ljava/lang/Class;+12 java.base@11.0.9.1
j  jdk.internal.loader.BuiltinClassLoader.defineClass(Ljava/lang/String;Ljdk/internal/loader/Resource;)Ljava/lang/Class;+117 java.base@11.0.9.1
j  jdk.internal.loader.BuiltinClassLoader.findClassOnClassPathOrNull(Ljava/lang/String;)Ljava/lang/Class;+37 java.base@11.0.9.1
j  jdk.internal.loader.BuiltinClassLoader.loadClassOrNull(Ljava/lang/String;Z)Ljava/lang/Class;+111 java.base@11.0.9.1
j  jdk.internal.loader.BuiltinClassLoader.loadClass(Ljava/lang/String;Z)Ljava/lang/Class;+3 java.base@11.0.9.1
j  jdk.internal.loader.ClassLoaders$AppClassLoader.loadClass(Ljava/lang/String;Z)Ljava/lang/Class;+36 java.base@11.0.9.1
j  java.lang.ClassLoader.loadClass(Ljava/lang/String;)Ljava/lang/Class;+3 java.base@11.0.9.1
v  ~StubRoutines::call_stub
V  [libjvm.so+0x865361]  JavaCalls::call_helper(JavaValue*, methodHandle const&, JavaCallArguments*, Thread*)+0x381
V  [libjvm.so+0x86367f]  JavaCalls::call_virtual(JavaValue*, Handle, Klass*, Symbol*, Symbol*, Handle, Thread*)+0x1ef
V  [libjvm.so+0xd4f779]  SystemDictionary::load_instance_class(Symbol*, Handle, Thread*)+0x239
V  [libjvm.so+0xd4d48f]  SystemDictionary::resolve_instance_class_or_null(Symbol*, Handle, Handle, Thread*)+0x8ef
V  [libjvm.so+0xd4ff5e]  SystemDictionary::resolve_or_fail(Symbol*, Handle, Handle, bool, Thread*)+0x4e
V  [libjvm.so+0x671b10]  ConstantPool::klass_ref_at(int, Thread*)+0x130
V  [libjvm.so+0xa43191]  LinkResolver::resolve_invoke(CallInfo&, Handle, constantPoolHandle const&, int, Bytecodes::Code, Thread*)+0x2c1
V  [libjvm.so+0x85acec]  InterpreterRuntime::resolve_invoke(JavaThread*, Bytecodes::Code)+0x2dc
V  [libjvm.so+0x85badc]  InterpreterRuntime::resolve_from_cache(JavaThread*, Bytecodes::Code)+0x15c
j  org.apache.logging.log4j.LogManager.<clinit>()V+0
v  ~StubRoutines::call_stub
V  [libjvm.so+0x865361]  JavaCalls::call_helper(JavaValue*, methodHandle const&, JavaCallArguments*, Thread*)+0x381
V  [libjvm.so+0x837eee]  InstanceKlass::call_class_initializer(Thread*)+0x22e
V  [libjvm.so+0x8383c3]  InstanceKlass::initialize_impl(Thread*)+0x3b3
V  [libjvm.so+0xa415c0]  LinkResolver::resolve_static_call(CallInfo&, LinkInfo const&, bool, Thread*)+0x630
V  [libjvm.so+0xa4323c]  LinkResolver::resolve_invoke(CallInfo&, Handle, constantPoolHandle const&, int, Bytecodes::Code, Thread*)+0x36c
V  [libjvm.so+0x85acec]  InterpreterRuntime::resolve_invoke(JavaThread*, Bytecodes::Code)+0x2dc
V  [libjvm.so+0x85badc]  InterpreterRuntime::resolve_from_cache(JavaThread*, Bytecodes::Code)+0x15c
j  org.apache.logging.log4j.spi.AbstractLoggerAdapter.getContext(Ljava/lang/Class;)Lorg/apache/logging/log4j/spi/LoggerContext;+21
j  org.apache.logging.slf4j.Log4jLoggerFactory.getContext()Lorg/apache/logging/log4j/spi/LoggerContext;+24
j  org.apache.logging.log4j.spi.AbstractLoggerAdapter.getLogger(Ljava/lang/String;)Ljava/lang/Object;+1
j  org.apache.logging.slf4j.Log4jLoggerFactory.getLogger(Ljava/lang/String;)Lorg/slf4j/Logger;+2
j  org.slf4j.LoggerFactory.getLogger(Ljava/lang/String;)Lorg/slf4j/Logger;+6
j  org.slf4j.LoggerFactory.getLogger(Ljava/lang/Class;)Lorg/slf4j/Logger;+4
j  org.apache.solr.util.SolrCLI.<clinit>()V+19
v  ~StubRoutines::call_stub
...<more frames>...

Java frames: (J=compiled Java code, j=interpreted, Vv=VM code)
j  java.lang.ClassLoader.defineClass1(Ljava/lang/ClassLoader;Ljava/lang/String;[BIILjava/security/ProtectionDomain;Ljava/lang/String;)Ljava/lang/Class;+0 java.base@11.0.9.1
j  java.lang.ClassLoader.defineClass(Ljava/lang/String;[BIILjava/security/ProtectionDomain;)Ljava/lang/Class;+27 java.base@11.0.9.1
j  java.security.SecureClassLoader.defineClass(Ljava/lang/String;[BIILjava/security/CodeSource;)Ljava/lang/Class;+12 java.base@11.0.9.1
j  jdk.internal.loader.BuiltinClassLoader.defineClass(Ljava/lang/String;Ljdk/internal/loader/Resource;)Ljava/lang/Class;+117 java.base@11.0.9.1
j  jdk.internal.loader.BuiltinClassLoader.findClassOnClassPathOrNull(Ljava/lang/String;)Ljava/lang/Class;+37 java.base@11.0.9.1
j  jdk.internal.loader.BuiltinClassLoader.loadClassOrNull(Ljava/lang/String;Z)Ljava/lang/Class;+111 java.base@11.0.9.1
j  jdk.internal.loader.BuiltinClassLoader.loadClass(Ljava/lang/String;Z)Ljava/lang/Class;+3 java.base@11.0.9.1
j  jdk.internal.loader.ClassLoaders$AppClassLoader.loadClass(Ljava/lang/String;Z)Ljava/lang/Class;+36 java.base@11.0.9.1
j  java.lang.ClassLoader.loadClass(Ljava/lang/String;)Ljava/lang/Class;+3 java.base@11.0.9.1
v  ~StubRoutines::call_stub
j  java.lang.ClassLoader.defineClass1(Ljava/lang/ClassLoader;Ljava/lang/String;[BIILjava/security/ProtectionDomain;Ljava/lang/String;)Ljava/lang/Class;+0 java.base@11.0.9.1
j  java.lang.ClassLoader.defineClass(Ljava/lang/String;[BIILjava/security/ProtectionDomain;)Ljava/lang/Class;+27 java.base@11.0.9.1
j  java.security.SecureClassLoader.defineClass(Ljava/lang/String;[BIILjava/security/CodeSource;)Ljava/lang/Class;+12 java.base@11.0.9.1
j  jdk.internal.loader.BuiltinClassLoader.defineClass(Ljava/lang/String;Ljdk/internal/loader/Resource;)Ljava/lang/Class;+117 java.base@11.0.9.1
j  jdk.internal.loader.BuiltinClassLoader.findClassOnClassPathOrNull(Ljava/lang/String;)Ljava/lang/Class;+37 java.base@11.0.9.1
j  jdk.internal.loader.BuiltinClassLoader.loadClassOrNull(Ljava/lang/String;Z)Ljava/lang/Class;+111 java.base@11.0.9.1
j  jdk.internal.loader.BuiltinClassLoader.loadClass(Ljava/lang/String;Z)Ljava/lang/Class;+3 java.base@11.0.9.1
j  jdk.internal.loader.ClassLoaders$AppClassLoader.loadClass(Ljava/lang/String;Z)Ljava/lang/Class;+36 java.base@11.0.9.1
j  java.lang.ClassLoader.loadClass(Ljava/lang/String;)Ljava/lang/Class;+3 java.base@11.0.9.1
v  ~StubRoutines::call_stub
j  java.lang.ClassLoader.defineClass1(Ljava/lang/ClassLoader;Ljava/lang/String;[BIILjava/security/ProtectionDomain;Ljava/lang/String;)Ljava/lang/Class;+0 java.base@11.0.9.1
j  java.lang.ClassLoader.defineClass(Ljava/lang/String;[BIILjava/security/ProtectionDomain;)Ljava/lang/Class;+27 java.base@11.0.9.1
j  java.security.SecureClassLoader.defineClass(Ljava/lang/String;[BIILjava/security/CodeSource;)Ljava/lang/Class;+12 java.base@11.0.9.1
j  jdk.internal.loader.BuiltinClassLoader.defineClass(Ljava/lang/String;Ljdk/internal/loader/Resource;)Ljava/lang/Class;+117 java.base@11.0.9.1
j  jdk.internal.loader.BuiltinClassLoader.findClassOnClassPathOrNull(Ljava/lang/String;)Ljava/lang/Class;+37 java.base@11.0.9.1
j  jdk.internal.loader.BuiltinClassLoader.loadClassOrNull(Ljava/lang/String;Z)Ljava/lang/Class;+111 java.base@11.0.9.1
j  jdk.internal.loader.BuiltinClassLoader.loadClass(Ljava/lang/String;Z)Ljava/lang/Class;+3 java.base@11.0.9.1
j  jdk.internal.loader.ClassLoaders$AppClassLoader.loadClass(Ljava/lang/String;Z)Ljava/lang/Class;+36 java.base@11.0.9.1
j  java.lang.ClassLoader.loadClass(Ljava/lang/String;)Ljava/lang/Class;+3 java.base@11.0.9.1
v  ~StubRoutines::call_stub
j  org.apache.logging.log4j.LogManager.<clinit>()V+0
v  ~StubRoutines::call_stub
j  org.apache.logging.log4j.spi.AbstractLoggerAdapter.getContext(Ljava/lang/Class;)Lorg/apache/logging/log4j/spi/LoggerContext;+21
j  org.apache.logging.slf4j.Log4jLoggerFactory.getContext()Lorg/apache/logging/log4j/spi/LoggerContext;+24
j  org.apache.logging.log4j.spi.AbstractLoggerAdapter.getLogger(Ljava/lang/String;)Ljava/lang/Object;+1
j  org.apache.logging.slf4j.Log4jLoggerFactory.getLogger(Ljava/lang/String;)Lorg/slf4j/Logger;+2
j  org.slf4j.LoggerFactory.getLogger(Ljava/lang/String;)Lorg/slf4j/Logger;+6
j  org.slf4j.LoggerFactory.getLogger(Ljava/lang/Class;)Lorg/slf4j/Logger;+4
j  org.apache.solr.util.SolrCLI.<clinit>()V+19
v  ~StubRoutines::call_stub

---------------  P R O C E S S  ---------------

Threads class SMR info:
_java_thread_list=0x00007f175417c8a0, length=9, elements={
0x00007f1754029800, 0x00007f17540a2800, 0x00007f17540a7000, 0x00007f17540bb800,
0x00007f17540bd800, 0x00007f17540bf800, 0x00007f17540c1800, 0x00007f1754167800,
0x00007f175417b000
}

Java Threads: ( => current thread )
=>0x00007f1754029800 JavaThread "main" [_thread_in_vm, id=24523, stack(0x00007f175bf84000,0x00007f175c085000)]
  0x00007f17540a2800 JavaThread "Reference Handler" daemon [_thread_blocked, id=24525, stack(0x00007f173c798000,0x00007f173c899000)]
  0x00007f17540a7000 JavaThread "Finalizer" daemon [_thread_blocked, id=24526, stack(0x00007f173c697000,0x00007f173c798000)]
  0x00007f17540bb800 JavaThread "Signal Dispatcher" daemon [_thread_blocked, id=24527, stack(0x00007f173c596000,0x00007f173c697000)]
  0x00007f17540bd800 JavaThread "C2 CompilerThread0" daemon [_thread_blocked, id=24528, stack(0x00007f173c495000,0x00007f173c596000)]
  0x00007f17540bf800 JavaThread "C1 CompilerThread0" daemon [_thread_blocked, id=24529, stack(0x00007f173c394000,0x00007f173c495000)]
  0x00007f17540c1800 JavaThread "Sweeper thread" daemon [_thread_blocked, id=24530, stack(0x00007f173c293000,0x00007f173c394000)]
  0x00007f1754167800 JavaThread "Service Thread" daemon [_thread_blocked, id=24531, stack(0x00007f173c192000,0x00007f173c293000)]
  0x00007f175417b000 JavaThread "Common-Cleaner" daemon [_thread_blocked, id=24533, stack(0x00007f172932f000,0x00007f1729430000)]

Other Threads:
  0x00007f175409a800 VMThread "VM Thread" [stack: 0x00007f1758059000,0x00007f1758159000] [id=24524]
  0x00007f1754169800 WatcherThread [stack: 0x00007f173c092000,0x00007f173c192000] [id=24532]

Threads with active compile tasks:

VM state:not at safepoint (normal execution)

VM Mutex/Monitor currently owned by a thread:  ([mutex/lock_event])
[0x00007f1754025a50] MetaspaceExpand_lock - owner thread: 0x00007f1754029800

Heap address: 0x00000000f0a00000, size: 246 MB, Compressed Oops mode: 32-bit
Narrow klass base: 0x0000000000000000, Narrow klass shift: 3
Compressed class space size: 1073741824 Address: 0x0000000100000000

Heap:
 def new generation   total 4928K, used 3524K [0x00000000f0a00000, 0x00000000f0f50000, 0x00000000f5c00000)
  eden space 4416K,  68% used [0x00000000f0a00000, 0x00000000f0cf1300, 0x00000000f0e50000)
  from space 512K,  99% used [0x00000000f0e50000, 0x00000000f0ecfff8, 0x00000000f0ed0000)
  to   space 512K,   0% used [0x00000000f0ed0000, 0x00000000f0ed0000, 0x00000000f0f50000)
 tenured generation   total 10944K, used 5071K [0x00000000f5c00000, 0x00000000f66b0000, 0x0000000100000000)
   the space 10944K,  46% used [0x00000000f5c00000, 0x00000000f60f3db0, 0x00000000f60f3e00, 0x00000000f66b0000)
 Metaspace       used 6855K, capacity 6921K, committed 7040K, reserved 1056768K
  class space    used 578K, capacity 606K, committed 640K, reserved 1048576K

Card table byte_map: [0x00007f175bef4000,0x00007f175bf70000] _byte_map_base: 0x00007f175b76f000

Polling page: 0x00007f175c08e000

Metaspace:

Usage:
  Non-class:      6.17 MB capacity,     6.13 MB (>99%) used,    33.66 KB ( <1%) free+waste,     3.94 KB ( <1%) overhead. 
      Class:    606.00 KB capacity,   578.23 KB ( 95%) used,    25.96 KB (  4%) free+waste,     1.81 KB ( <1%) overhead. 
       Both:      6.76 MB capacity,     6.69 MB (>99%) used,    59.62 KB ( <1%) free+waste,     5.75 KB ( <1%) overhead. 

Virtual space:
  Non-class space:        8.00 MB reserved,       6.25 MB ( 78%) committed 
      Class space:        1.00 GB reserved,     640.00 KB ( <1%) committed 
             Both:        1.01 GB reserved,       6.88 MB ( <1%) committed 

Chunk freelists:
   Non-Class:  33.00 KB
       Class:  2.00 KB
        Both:  35.00 KB

MaxMetaspaceSize: unlimited
CompressedClassSpaceSize: 1.00 GB

CodeHeap 'non-profiled nmethods': size=120036Kb used=111Kb max_used=111Kb free=119924Kb
 bounds [0x00007f1744360000, 0x00007f17445d0000, 0x00007f174b899000]
CodeHeap 'profiled nmethods': size=120032Kb used=639Kb max_used=639Kb free=119392Kb
 bounds [0x00007f173ce28000, 0x00007f173d098000, 0x00007f1744360000]
CodeHeap 'non-nmethods': size=5692Kb used=1029Kb max_used=1042Kb free=4662Kb
 bounds [0x00007f173c899000, 0x00007f173cb09000, 0x00007f173ce28000]
 total_blobs=748 nmethods=418 adapters=245
 compilation: enabled
              stopped_count=0, restarted_count=0
 full_count=0

Compilation events (20 events):
Event: 1.548 Thread 0x00007f17540bf800  409       3       java.lang.invoke.MethodType::parameterCount (6 bytes)
Event: 1.549 Thread 0x00007f17540bf800 nmethod 409 0x00007f173cec1090 code [0x00007f173cec1240, 0x00007f173cec1350]
Event: 1.551 Thread 0x00007f17540bf800  410   !   3       jdk.internal.loader.URLClassPath$JarLoader::getResource (353 bytes)
Event: 1.553 Thread 0x00007f17540bf800 nmethod 410 0x00007f173cec1410 code [0x00007f173cec1920, 0x00007f173cec3d20]
Event: 1.553 Thread 0x00007f17540bd800  411       4       java.util.zip.ZipFile::ensureOpen (38 bytes)
Event: 1.554 Thread 0x00007f17540bd800 nmethod 411 0x00007f1744379e90 code [0x00007f174437a020, 0x00007f174437a0b8]
Event: 1.554 Thread 0x00007f17540bf800  412       3       java.util.ArrayDeque::pollFirst (36 bytes)
Event: 1.554 Thread 0x00007f17540bf800 nmethod 412 0x00007f173cec5210 code [0x00007f173cec53e0, 0x00007f173cec5790]
Event: 1.556 Thread 0x00007f17540bd800  413       4       java.lang.StringCoding::encodeUTF8 (132 bytes)
Event: 1.557 Thread 0x00007f17540bd800 nmethod 413 0x00007f174437a190 code [0x00007f174437a320, 0x00007f174437a538]
Event: 1.557 Thread 0x00007f17540bd800  414       4       java.util.zip.ZipCoder$UTF8::getBytes (10 bytes)
Event: 1.560 Thread 0x00007f17540bf800  416       1       java.security.CodeSource::getLocationNoFragString (5 bytes)
Event: 1.560 Thread 0x00007f17540bf800 nmethod 416 0x00007f174437a690 code [0x00007f174437a840, 0x00007f174437a8f0]
Event: 1.560 Thread 0x00007f17540bd800 nmethod 414 0x00007f174437a990 code [0x00007f174437ab40, 0x00007f174437ad98]
Event: 1.560 Thread 0x00007f17540bd800  415   !   4       java.util.zip.ZipFile::getEntry (73 bytes)
Event: 1.567 Thread 0x00007f17540bd800 nmethod 415 0x00007f174437af10 code [0x00007f174437b0e0, 0x00007f174437b878]
Event: 1.568 Thread 0x00007f17540bf800  417       3       java.util.jar.JarFile::getVersionedEntry (85 bytes)
Event: 1.569 Thread 0x00007f17540bf800 nmethod 417 0x00007f173cec5910 code [0x00007f173cec5c00, 0x00007f173cec6b20]
Event: 1.570 Thread 0x00007f17540bf800  418       3       java.lang.String::substring (68 bytes)
Event: 1.570 Thread 0x00007f17540bf800 nmethod 418 0x00007f173cec7110 code [0x00007f173cec7360, 0x00007f173cec7a50]

GC Heap History (4 events):
Event: 0.451 GC heap before
{Heap before GC invocations=0 (full 0):
 def new generation   total 4928K, used 4338K [0x00000000f0a00000, 0x00000000f0f50000, 0x00000000f5c00000)
  eden space 4416K,  98% used [0x00000000f0a00000, 0x00000000f0e3ca60, 0x00000000f0e50000)
  from space 512K,   0% used [0x00000000f0e50000, 0x00000000f0e50000, 0x00000000f0ed0000)
  to   space 512K,   0% used [0x00000000f0ed0000, 0x00000000f0ed0000, 0x00000000f0f50000)
 tenured generation   total 10944K, used 0K [0x00000000f5c00000, 0x00000000f66b0000, 0x0000000100000000)
   the space 10944K,   0% used [0x00000000f5c00000, 0x00000000f5c00000, 0x00000000f5c00200, 0x00000000f66b0000)
 Metaspace       used 4611K, capacity 4664K, committed 4864K, reserved 1056768K
  class space    used 395K, capacity 424K, committed 512K, reserved 1048576K
}
Event: 0.468 GC heap after
{Heap after GC invocations=1 (full 0):
 def new generation   total 4928K, used 512K [0x00000000f0a00000, 0x00000000f0f50000, 0x00000000f5c00000)
  eden space 4416K,   0% used [0x00000000f0a00000, 0x00000000f0a00000, 0x00000000f0e50000)
  from space 512K, 100% used [0x00000000f0ed0000, 0x00000000f0f50000, 0x00000000f0f50000)
  to   space 512K,   0% used [0x00000000f0e50000, 0x00000000f0e50000, 0x00000000f0ed0000)
 tenured generation   total 10944K, used 3013K [0x00000000f5c00000, 0x00000000f66b0000, 0x0000000100000000)
   the space 10944K,  27% used [0x00000000f5c00000, 0x00000000f5ef1400, 0x00000000f5ef1400, 0x00000000f66b0000)
 Metaspace       used 4611K, capacity 4664K, committed 4864K, reserved 1056768K
  class space    used 395K, capacity 424K, committed 512K, reserved 1048576K
}
Event: 1.130 GC heap before
{Heap before GC invocations=1 (full 0):
 def new generation   total 4928K, used 4924K [0x00000000f0a00000, 0x00000000f0f50000, 0x00000000f5c00000)
  eden space 4416K,  99% used [0x00000000f0a00000, 0x00000000f0e4f0a0, 0x00000000f0e50000)
  from space 512K, 100% used [0x00000000f0ed0000, 0x00000000f0f50000, 0x00000000f0f50000)
  to   space 512K,   0% used [0x00000000f0e50000, 0x00000000f0e50000, 0x00000000f0ed0000)
 tenured generation   total 10944K, used 3013K [0x00000000f5c00000, 0x00000000f66b0000, 0x0000000100000000)
   the space 10944K,  27% used [0x00000000f5c00000, 0x00000000f5ef1400, 0x00000000f5ef1400, 0x00000000f66b0000)
 Metaspace       used 5145K, capacity 5220K, committed 5376K, reserved 1056768K
  class space    used 438K, capacity 464K, committed 512K, reserved 1048576K
}
Event: 1.135 GC heap after
{Heap after GC invocations=2 (full 0):
 def new generation   total 4928K, used 511K [0x00000000f0a00000, 0x00000000f0f50000, 0x00000000f5c00000)
  eden space 4416K,   0% used [0x00000000f0a00000, 0x00000000f0a00000, 0x00000000f0e50000)
  from space 512K,  99% used [0x00000000f0e50000, 0x00000000f0ecfff8, 0x00000000f0ed0000)
  to   space 512K,   0% used [0x00000000f0ed0000, 0x00000000f0ed0000, 0x00000000f0f50000)
 tenured generation   total 10944K, used 5071K [0x00000000f5c00000, 0x00000000f66b0000, 0x0000000100000000)
   the space 10944K,  46% used [0x00000000f5c00000, 0x00000000f60f3db0, 0x00000000f60f3e00, 0x00000000f66b0000)
 Metaspace       used 5145K, capacity 5220K, committed 5376K, reserved 1056768K
  class space    used 438K, capacity 464K, committed 512K, reserved 1048576K
}

Deoptimization events (8 events):
Event: 0.167 Thread 0x00007f1754029800 Uncommon trap: trap_request=0xffffff4d fr.pc=0x00007f1744363dc4 relative=0x00000000000001a4
Event: 0.167 Thread 0x00007f1754029800 Uncommon trap: reason=unstable_if action=reinterpret pc=0x00007f1744363dc4 method=java.lang.String.hashCode()I @ 14 c2
Event: 0.167 Thread 0x00007f1754029800 DEOPT PACKING pc=0x00007f1744363dc4 sp=0x00007f175c082110
Event: 0.167 Thread 0x00007f1754029800 DEOPT UNPACKING pc=0x00007f173c8bee25 sp=0x00007f175c0820c8 mode 2
Event: 0.788 Thread 0x00007f1754029800 DEOPT PACKING pc=0x00007f173ce676d4 sp=0x00007f175c07ea30
Event: 0.788 Thread 0x00007f1754029800 DEOPT UNPACKING pc=0x00007f173c8bec3a sp=0x00007f175c07dea8 mode 0
Event: 0.848 Thread 0x00007f1754029800 DEOPT PACKING pc=0x00007f173ce73e92 sp=0x00007f175c080970
Event: 0.848 Thread 0x00007f1754029800 DEOPT UNPACKING pc=0x00007f173c8bec3a sp=0x00007f175c07fdf8 mode 0

Classes redefined (0 events):
No events

Internal exceptions (0 events):
No events

Events (20 events):
Event: 1.543 loading class java/lang/invoke/DirectMethodHandle$Interface
Event: 1.544 loading class java/lang/invoke/DirectMethodHandle$Interface done
Event: 1.549 loading class org/apache/logging/log4j/LogManager
Event: 1.549 loading class org/apache/logging/log4j/LogManager done
Event: 1.551 loading class org/apache/logging/log4j/message/MessageFactory
Event: 1.551 loading class org/apache/logging/log4j/message/MessageFactory done
Event: 1.555 loading class org/apache/logging/log4j/Logger
Event: 1.555 loading class org/apache/logging/log4j/Logger done
Event: 1.560 loading class java/util/SortedMap
Event: 1.564 loading class java/util/SortedMap done
Event: 1.564 loading class org/apache/logging/log4j/spi/LoggerContextFactory
Event: 1.564 loading class org/apache/logging/log4j/spi/LoggerContextFactory done
Event: 1.565 loading class java/lang/UnsupportedOperationException
Event: 1.566 loading class java/lang/UnsupportedOperationException done
Event: 1.566 loading class org/apache/logging/log4j/status/StatusLogger
Event: 1.566 loading class org/apache/logging/log4j/status/StatusLogger done
Event: 1.568 loading class org/apache/logging/log4j/spi/AbstractLogger
Event: 1.568 loading class org/apache/logging/log4j/spi/AbstractLogger done
Event: 1.570 loading class org/apache/logging/log4j/spi/ExtendedLogger
Event: 1.570 loading class org/apache/logging/log4j/spi/ExtendedLogger done


Dynamic libraries:
f0a00000-f0f50000 rw-p 00000000 00:00 0 
f0f50000-f5c00000 ---p 00000000 00:00 0 
f5c00000-f66b0000 rw-p 00000000 00:00 0 
f66b0000-100000000 ---p 00000000 00:00 0 
100000000-1000a0000 rw-p 00000000 00:00 0 
1000a0000-140000000 ---p 00000000 00:00 0 
5648b9962000-5648b9963000 r-xp 00000000 ca:01 4618508                    /usr/lib/jvm/java-11-amazon-corretto.x86_64/bin/java
5648b9b63000-5648b9b64000 r--p 00001000 ca:01 4618508                    /usr/lib/jvm/java-11-amazon-corretto.x86_64/bin/java
5648b9b64000-5648b9b65000 rw-p 00002000 ca:01 4618508                    /usr/lib/jvm/java-11-amazon-corretto.x86_64/bin/java
5648ba4af000-5648ba4f1000 rw-p 00000000 00:00 0                          [heap]
7f1714000000-7f1714021000 rw-p 00000000 00:00 0 
7f1714021000-7f1718000000 ---p 00000000 00:00 0 
7f171c000000-7f171c0f4000 rw-p 00000000 00:00 0 
7f171c0f4000-7f1720000000 ---p 00000000 00:00 0 
7f1720000000-7f17201c2000 rw-p 00000000 00:00 0 
7f17201c2000-7f1724000000 ---p 00000000 00:00 0 
7f1724000000-7f1724021000 rw-p 00000000 00:00 0 
7f1724021000-7f1728000000 ---p 00000000 00:00 0 
7f1728f07000-7f1728f1d000 r-xp 00000000 ca:01 12908879                   /usr/lib/jvm/java-11-amazon-corretto.x86_64/lib/libnet.so
7f1728f1d000-7f172911c000 ---p 00016000 ca:01 12908879                   /usr/lib/jvm/java-11-amazon-corretto.x86_64/lib/libnet.so
7f172911c000-7f172911d000 r--p 00015000 ca:01 12908879                   /usr/lib/jvm/java-11-amazon-corretto.x86_64/lib/libnet.so
7f172911d000-7f172911e000 rw-p 00016000 ca:01 12908879                   /usr/lib/jvm/java-11-amazon-corretto.x86_64/lib/libnet.so
7f172911e000-7f172912e000 r-xp 00000000 ca:01 12908880                   /usr/lib/jvm/java-11-amazon-corretto.x86_64/lib/libnio.so
7f172912e000-7f172932d000 ---p 00010000 ca:01 12908880                   /usr/lib/jvm/java-11-amazon-corretto.x86_64/lib/libnio.so
7f172932d000-7f172932e000 r--p 0000f000 ca:01 12908880                   /usr/lib/jvm/java-11-amazon-corretto.x86_64/lib/libnio.so
7f172932e000-7f172932f000 rw-p 00010000 ca:01 12908880                   /usr/lib/jvm/java-11-amazon-corretto.x86_64/lib/libnio.so
7f172932f000-7f1729333000 ---p 00000000 00:00 0 
7f1729333000-7f1729430000 rw-p 00000000 00:00 0 
7f1729430000-7f1730000000 r--p 00000000 ca:01 13536735                   /usr/lib/locale/locale-archive
7f1730000000-7f1730021000 rw-p 00000000 00:00 0 
7f1730021000-7f1734000000 ---p 00000000 00:00 0 
7f1734000000-7f1734021000 rw-p 00000000 00:00 0 
7f1734021000-7f1738000000 ---p 00000000 00:00 0 
7f1738000000-7f1738021000 rw-p 00000000 00:00 0 
7f1738021000-7f173c000000 ---p 00000000 00:00 0 
7f173c090000-7f173c091000 ---p 00000000 00:00 0 
7f173c091000-7f173c192000 rw-p 00000000 00:00 0 
7f173c192000-7f173c196000 ---p 00000000 00:00 0 
7f173c196000-7f173c293000 rw-p 00000000 00:00 0 
7f173c293000-7f173c297000 ---p 00000000 00:00 0 
7f173c297000-7f173c394000 rw-p 00000000 00:00 0 
7f173c394000-7f173c398000 ---p 00000000 00:00 0 
7f173c398000-7f173c495000 rw-p 00000000 00:00 0 
7f173c495000-7f173c499000 ---p 00000000 00:00 0 
7f173c499000-7f173c596000 rw-p 00000000 00:00 0 
7f173c596000-7f173c59a000 ---p 00000000 00:00 0 
7f173c59a000-7f173c697000 rw-p 00000000 00:00 0 
7f173c697000-7f173c69b000 ---p 00000000 00:00 0 
7f173c69b000-7f173c798000 rw-p 00000000 00:00 0 
7f173c798000-7f173c79c000 ---p 00000000 00:00 0 
7f173c79c000-7f173c899000 rw-p 00000000 00:00 0 
7f173c899000-7f173cb09000 rwxp 00000000 00:00 0 
7f173cb09000-7f173ce28000 ---p 00000000 00:00 0 
7f173ce28000-7f173d098000 rwxp 00000000 00:00 0 
7f173d098000-7f1744360000 ---p 00000000 00:00 0 
7f1744360000-7f17445d0000 rwxp 00000000 00:00 0 
7f17445d0000-7f174b899000 ---p 00000000 00:00 0 
7f174b899000-7f1754000000 r--s 00000000 ca:01 12908889                   /usr/lib/jvm/java-11-amazon-corretto.x86_64/lib/modules
7f1754000000-7f1754b29000 rw-p 00000000 00:00 0 
7f1754b29000-7f1758000000 ---p 00000000 00:00 0 
7f1758026000-7f1758057000 rw-p 00000000 00:00 0 
7f1758057000-7f1758058000 ---p 00000000 00:00 0 
7f1758058000-7f175889d000 rw-p 00000000 00:00 0 
7f17588dd000-7f1758a5d000 ---p 00000000 00:00 0 
7f1758a5d000-7f1758aa4000 rw-p 00000000 00:00 0 
7f1758aa4000-7f1758b8a000 ---p 00000000 00:00 0 
7f1758b8a000-7f1758b8f000 rw-p 00000000 00:00 0 
7f1758b8f000-7f1758c75000 ---p 00000000 00:00 0 
7f1758c75000-7f1758c7c000 r-xp 00000000 ca:01 12908888                   /usr/lib/jvm/java-11-amazon-corretto.x86_64/lib/libzip.so
7f1758c7c000-7f1758e7b000 ---p 00007000 ca:01 12908888                   /usr/lib/jvm/java-11-amazon-corretto.x86_64/lib/libzip.so
7f1758e7b000-7f1758e7c000 r--p 00006000 ca:01 12908888                   /usr/lib/jvm/java-11-amazon-corretto.x86_64/lib/libzip.so
7f1758e7c000-7f1758e7d000 rw-p 00000000 00:00 0 
7f1758e7d000-7f1758e88000 r-xp 00000000 ca:01 69124                      /usr/lib64/libnss_files-2.26.so
7f1758e88000-7f1759087000 ---p 0000b000 ca:01 69124                      /usr/lib64/libnss_files-2.26.so
7f1759087000-7f1759088000 r--p 0000a000 ca:01 69124                      /usr/lib64/libnss_files-2.26.so
7f1759088000-7f1759089000 rw-p 0000b000 ca:01 69124                      /usr/lib64/libnss_files-2.26.so
7f1759089000-7f175908f000 rw-p 00000000 00:00 0 
7f175908f000-7f1759097000 r-xp 00000000 ca:01 893585                     /usr/lib64/libnss_sss.so.2
7f1759097000-7f1759296000 ---p 00008000 ca:01 893585                     /usr/lib64/libnss_sss.so.2
7f1759296000-7f1759297000 r--p 00007000 ca:01 893585                     /usr/lib64/libnss_sss.so.2
7f1759297000-7f1759298000 rw-p 00008000 ca:01 893585                     /usr/lib64/libnss_sss.so.2
7f1759298000-7f17592b2000 r-xp 00000000 ca:01 12908871                   /usr/lib/jvm/java-11-amazon-corretto.x86_64/lib/libjimage.so
7f17592b2000-7f17594b2000 ---p 0001a000 ca:01 12908871                   /usr/lib/jvm/java-11-amazon-corretto.x86_64/lib/libjimage.so
7f17594b2000-7f17594b4000 r--p 0001a000 ca:01 12908871                   /usr/lib/jvm/java-11-amazon-corretto.x86_64/lib/libjimage.so
7f17594b4000-7f17594b5000 rw-p 0001c000 ca:01 12908871                   /usr/lib/jvm/java-11-amazon-corretto.x86_64/lib/libjimage.so
7f17594b5000-7f17594de000 r-xp 00000000 ca:01 12908868                   /usr/lib/jvm/java-11-amazon-corretto.x86_64/lib/libjava.so
7f17594de000-7f17596de000 ---p 00029000 ca:01 12908868                   /usr/lib/jvm/java-11-amazon-corretto.x86_64/lib/libjava.so
7f17596de000-7f17596df000 r--p 00029000 ca:01 12908868                   /usr/lib/jvm/java-11-amazon-corretto.x86_64/lib/libjava.so
7f17596df000-7f17596e0000 rw-p 0002a000 ca:01 12908868                   /usr/lib/jvm/java-11-amazon-corretto.x86_64/lib/libjava.so
7f17596e0000-7f17596e1000 rw-p 00000000 00:00 0 
7f17596e1000-7f17596f2000 r-xp 00000000 ca:01 12908887                   /usr/lib/jvm/java-11-amazon-corretto.x86_64/lib/libverify.so
7f17596f2000-7f17598f1000 ---p 00011000 ca:01 12908887                   /usr/lib/jvm/java-11-amazon-corretto.x86_64/lib/libverify.so
7f17598f1000-7f17598f3000 r--p 00010000 ca:01 12908887                   /usr/lib/jvm/java-11-amazon-corretto.x86_64/lib/libverify.so
7f17598f3000-7f17598f4000 rw-p 00000000 00:00 0 
7f17598f4000-7f17598fb000 r-xp 00000000 ca:01 69130                      /usr/lib64/librt-2.26.so
7f17598fb000-7f1759afa000 ---p 00007000 ca:01 69130                      /usr/lib64/librt-2.26.so
7f1759afa000-7f1759afb000 r--p 00006000 ca:01 69130                      /usr/lib64/librt-2.26.so
7f1759afb000-7f1759afc000 rw-p 00007000 ca:01 69130                      /usr/lib64/librt-2.26.so
7f1759afc000-7f1759c3b000 r-xp 00000000 ca:01 69114                      /usr/lib64/libm-2.26.so
7f1759c3b000-7f1759e3a000 ---p 0013f000 ca:01 69114                      /usr/lib64/libm-2.26.so
7f1759e3a000-7f1759e3b000 r--p 0013e000 ca:01 69114                      /usr/lib64/libm-2.26.so
7f1759e3b000-7f1759e3c000 rw-p 0013f000 ca:01 69114                      /usr/lib64/libm-2.26.so
7f1759e3c000-7f175af2c000 r-xp 00000000 ca:01 12908895                   /usr/lib/jvm/java-11-amazon-corretto.x86_64/lib/server/libjvm.so
7f175af2c000-7f175b12b000 ---p 010f0000 ca:01 12908895                   /usr/lib/jvm/java-11-amazon-corretto.x86_64/lib/server/libjvm.so
7f175b12b000-7f175b1ea000 r--p 010ef000 ca:01 12908895                   /usr/lib/jvm/java-11-amazon-corretto.x86_64/lib/server/libjvm.so
7f175b1ea000-7f175b223000 rw-p 011ae000 ca:01 12908895                   /usr/lib/jvm/java-11-amazon-corretto.x86_64/lib/server/libjvm.so
7f175b223000-7f175b27a000 rw-p 00000000 00:00 0 
7f175b27a000-7f175b41b000 r-xp 00000000 ca:01 69108                      /usr/lib64/libc-2.26.so
7f175b41b000-7f175b61b000 ---p 001a1000 ca:01 69108                      /usr/lib64/libc-2.26.so
7f175b61b000-7f175b61f000 r--p 001a1000 ca:01 69108                      /usr/lib64/libc-2.26.so
7f175b61f000-7f175b621000 rw-p 001a5000 ca:01 69108                      /usr/lib64/libc-2.26.so
7f175b621000-7f175b625000 rw-p 00000000 00:00 0 
7f175b625000-7f175b628000 r-xp 00000000 ca:01 69112                      /usr/lib64/libdl-2.26.so
7f175b628000-7f175b827000 ---p 00003000 ca:01 69112                      /usr/lib64/libdl-2.26.so
7f175b827000-7f175b828000 r--p 00002000 ca:01 69112                      /usr/lib64/libdl-2.26.so
7f175b828000-7f175b829000 rw-p 00003000 ca:01 69112                      /usr/lib64/libdl-2.26.so
7f175b829000-7f175b838000 r-xp 00000000 ca:01 5715677                    /usr/lib/jvm/java-11-amazon-corretto.x86_64/lib/jli/libjli.so
7f175b838000-7f175ba38000 ---p 0000f000 ca:01 5715677                    /usr/lib/jvm/java-11-amazon-corretto.x86_64/lib/jli/libjli.so
7f175ba38000-7f175ba39000 r--p 0000f000 ca:01 5715677                    /usr/lib/jvm/java-11-amazon-corretto.x86_64/lib/jli/libjli.so
7f175ba39000-7f175ba3a000 rw-p 00010000 ca:01 5715677                    /usr/lib/jvm/java-11-amazon-corretto.x86_64/lib/jli/libjli.so
7f175ba3a000-7f175ba52000 r-xp 00000000 ca:01 69126                      /usr/lib64/libpthread-2.26.so
7f175ba52000-7f175bc52000 ---p 00018000 ca:01 69126                      /usr/lib64/libpthread-2.26.so
7f175bc52000-7f175bc53000 r--p 00018000 ca:01 69126                      /usr/lib64/libpthread-2.26.so
7f175bc53000-7f175bc54000 rw-p 00019000 ca:01 69126                      /usr/lib64/libpthread-2.26.so
7f175bc54000-7f175bc58000 rw-p 00000000 00:00 0 
7f175bc58000-7f175bc6c000 r-xp 00000000 ca:01 69183                      /usr/lib64/libz.so.1.2.7
7f175bc6c000-7f175be6b000 ---p 00014000 ca:01 69183                      /usr/lib64/libz.so.1.2.7
7f175be6b000-7f175be6c000 r--p 00013000 ca:01 69183                      /usr/lib64/libz.so.1.2.7
7f175be6c000-7f175be6d000 rw-p 00014000 ca:01 69183                      /usr/lib64/libz.so.1.2.7
7f175be6d000-7f175be91000 r-xp 00000000 ca:01 69101                      /usr/lib64/ld-2.26.so
7f175bea1000-7f175bea7000 rw-p 00000000 00:00 0 
7f175bea7000-7f175bef4000 ---p 00000000 00:00 0 
7f175bef4000-7f175bef7000 rw-p 00000000 00:00 0 
7f175bef7000-7f175bf1d000 ---p 00000000 00:00 0 
7f175bf1d000-7f175bf23000 rw-p 00000000 00:00 0 
7f175bf23000-7f175bf6f000 ---p 00000000 00:00 0 
7f175bf6f000-7f175bf75000 rw-p 00000000 00:00 0 
7f175bf75000-7f175bf7c000 ---p 00000000 00:00 0 
7f175bf7c000-7f175bf84000 rw-s 00000000 ca:01 4218284                    /tmp/hsperfdata_ec2-user/24522
7f175bf84000-7f175bf88000 ---p 00000000 00:00 0 
7f175bf88000-7f175c089000 rw-p 00000000 00:00 0 
7f175c08e000-7f175c08f000 ---p 00000000 00:00 0 
7f175c08f000-7f175c090000 r--p 00000000 00:00 0 
7f175c090000-7f175c091000 r--p 00023000 ca:01 69101                      /usr/lib64/ld-2.26.so
7f175c091000-7f175c092000 rw-p 00024000 ca:01 69101                      /usr/lib64/ld-2.26.so
7f175c092000-7f175c093000 rw-p 00000000 00:00 0 
7ffdbccd4000-7ffdbccf5000 rw-p 00000000 00:00 0                          [stack]
7ffdbcd21000-7ffdbcd24000 r--p 00000000 00:00 0                          [vvar]
7ffdbcd24000-7ffdbcd26000 r-xp 00000000 00:00 0                          [vdso]
ffffffffff600000-ffffffffff601000 r-xp 00000000 00:00 0                  [vsyscall]


VM Arguments:
jvm_args: -Dsolr.install.dir=/var/www/html/solr-8.7.0 -Dlog4j.configurationFile=/var/www/html/solr-8.7.0/server/resources/log4j2-console.xml 
java_command: org.apache.solr.util.SolrCLI status -solr http://localhost:8983/solr
java_class_path (initial): /var/www/html/solr-8.7.0/server/solr-webapp/webapp/WEB-INF/lib/lucene-highlighter-8.7.0.jar:/var/www/html/solr-8.7.0/server/solr-webapp/webapp/WEB-INF/lib/antlr4-runtime-4.5.1-1.jar:/var/www/html/solr-8.7.0/server/solr-webapp/webapp/WEB-INF/lib/opentracing-noop-0.33.0.jar:/var/www/html/solr-8.7.0/server/solr-webapp/webapp/WEB-INF/lib/asm-8.0.1.jar:/var/www/html/solr-8.7.0/server/solr-webapp/webapp/WEB-INF/lib/asm-commons-8.0.1.jar:/var/www/html/solr-8.7.0/server/solr-webapp/webapp/WEB-INF/lib/lucene-misc-8.7.0.jar:/var/www/html/solr-8.7.0/server/solr-webapp/webapp/WEB-INF/lib/avatica-core-1.13.0.jar:/var/www/html/solr-8.7.0/server/solr-webapp/webapp/WEB-INF/lib/opentracing-util-0.33.0.jar:/var/www/html/solr-8.7.0/server/solr-webapp/webapp/WEB-INF/lib/caffeine-2.8.4.jar:/var/www/html/solr-8.7.0/server/solr-webapp/webapp/WEB-INF/lib/lucene-join-8.7.0.jar:/var/www/html/solr-8.7.0/server/solr-webapp/webapp/WEB-INF/lib/calcite-core-1.18.0.jar:/var/www/html/solr-8.7.0/server/solr-webapp/webapp/WEB-INF/lib/lucene-memory-8.7.0.jar:/var/www/html/solr-8.7.0/server/solr-webapp/webapp/WEB-INF/lib/calcite-linq4j-1.18.0.jar:/var/www/html/solr-8.7.0/server/solr-webapp/webapp/WEB-INF/lib/commons-cli-1.4.jar:/var/www/html/solr-8.7.0/server/solr-webapp/webapp/WEB-INF/lib/lucene-suggest-8.7.0.jar:/var/www/html/solr-8.7.0/server/solr-webapp/webapp/WEB-INF/lib/commons-codec-1.13.jar:/var/www/html/solr-8.7.0/server/solr-webapp/webapp/WEB-INF/lib/jetty-io-9.4.27.v20200227.jar:/var/www/html/solr-8.7.0/server/solr-webapp/webapp/WEB-INF/lib/commons-collections-3.2.2.jar:/var/www/html/solr-8.7.0/server/solr-webapp/webapp/WEB-INF/lib/jose4j-0.6.5.jar:/var/www/html/solr-8.7.0/server/solr-webapp/webapp/WEB-INF/lib/commons-collections4-4.4.jar:/var/www/html/solr-8.7.0/server/solr-webapp/webapp/WEB-INF/lib/commons-compiler-3.0.9.jar:/var/www/html/solr-8.7.0/server/solr-webapp/webapp/WEB-INF/lib/jetty-util-9.4.27.v20200227.jar:/var/www/html/solr-8.7.0/server/solr-webapp
Launcher Type: SUN_STANDARD

[Global flags]
     intx CICompilerCount                          = 2                                         {product} {ergonomic}
   size_t InitialHeapSize                          = 16777216                                  {product} {ergonomic}
   size_t MaxHeapSize                              = 257949696                                 {product} {ergonomic}
   size_t MaxNewSize                               = 85983232                                  {product} {ergonomic}
   size_t MinHeapDeltaBytes                        = 196608                                    {product} {ergonomic}
   size_t NewSize                                  = 5570560                                   {product} {ergonomic}
    uintx NonNMethodCodeHeapSize                   = 5825164                                {pd product} {ergonomic}
    uintx NonProfiledCodeHeapSize                  = 122916538                              {pd product} {ergonomic}
   size_t OldSize                                  = 11206656                                  {product} {ergonomic}
    uintx ProfiledCodeHeapSize                     = 122916538                              {pd product} {ergonomic}
    uintx ReservedCodeCacheSize                    = 251658240                              {pd product} {ergonomic}
     bool SegmentedCodeCache                       = true                                      {product} {ergonomic}
     bool UseCompressedClassPointers               = true                                 {lp64_product} {ergonomic}
     bool UseCompressedOops                        = true                                 {lp64_product} {ergonomic}
     bool UseSerialGC                              = true                                      {product} {ergonomic}

Logging:
Log output configuration:
 #0: stdout all=warning uptime,level,tags
 #1: stderr all=off uptime,level,tags

Environment Variables:
PATH=/usr/local/bin:/usr/bin:/usr/local/sbin:/usr/sbin:/home/ec2-user/.local/bin:/home/ec2-user/bin
SHELL=/bin/bash
LANG=en_US.UTF-8

Signal Handlers:
SIGSEGV: [libjvm.so+0xdf2490], sa_mask[0]=11111111011111111101111111111110, sa_flags=SA_RESTART|SA_SIGINFO
SIGBUS: [libjvm.so+0xdf2490], sa_mask[0]=11111111011111111101111111111110, sa_flags=SA_RESTART|SA_SIGINFO
SIGFPE: [libjvm.so+0xdf2490], sa_mask[0]=11111111011111111101111111111110, sa_flags=SA_RESTART|SA_SIGINFO
SIGPIPE: [libjvm.so+0xbd4a10], sa_mask[0]=11111111011111111101111111111110, sa_flags=SA_RESTART|SA_SIGINFO
SIGXFSZ: [libjvm.so+0xbd4a10], sa_mask[0]=11111111011111111101111111111110, sa_flags=SA_RESTART|SA_SIGINFO
SIGILL: [libjvm.so+0xdf2490], sa_mask[0]=11111111011111111101111111111110, sa_flags=SA_RESTART|SA_SIGINFO
SIGUSR2: [libjvm.so+0xbd48d0], sa_mask[0]=00000000000000000000000000000000, sa_flags=SA_RESTART|SA_SIGINFO
SIGHUP: [libjvm.so+0xbd4c10], sa_mask[0]=11111111011111111101111111111110, sa_flags=SA_RESTART|SA_SIGINFO
SIGINT: [libjvm.so+0xbd4c10], sa_mask[0]=11111111011111111101111111111110, sa_flags=SA_RESTART|SA_SIGINFO
SIGTERM: [libjvm.so+0xbd4c10], sa_mask[0]=11111111011111111101111111111110, sa_flags=SA_RESTART|SA_SIGINFO
SIGQUIT: [libjvm.so+0xbd4c10], sa_mask[0]=11111111011111111101111111111110, sa_flags=SA_RESTART|SA_SIGINFO


---------------  S Y S T E M  ---------------

OS:Amazon Linux release 2 (Karoo)
uname:Linux 4.14.209-160.339.amzn2.x86_64 #1 SMP Wed Dec 16 22:44:04 UTC 2020 x86_64
OS uptime: 6 days 2:34 hours
libc:glibc 2.26 NPTL 2.26 
rlimit (soft/hard): STACK 10240k/10240k , CORE 0k/infinity , NPROC infinity/infinity , NOFILE 65535/65535 , AS infinity/infinity , CPU infinity/infinity , DATA infinity/infinity , FSIZE infinity/infinity , MEMLOCK infinity/infinity
load average:0.02 0.01 0.00

/proc/meminfo:
MemTotal:        1006900 kB
MemFree:           49400 kB
MemAvailable:          0 kB
Buffers:               0 kB
Cached:            13356 kB
SwapCached:            0 kB
Active:           876508 kB
Inactive:          12588 kB
Active(anon):     876132 kB
Inactive(anon):      340 kB
Active(file):        376 kB
Inactive(file):    12248 kB
Unevictable:           0 kB
Mlocked:               0 kB
SwapTotal:             0 kB
SwapFree:              0 kB
Dirty:                48 kB
Writeback:             0 kB
AnonPages:        875768 kB
Mapped:             6728 kB
Shmem:               704 kB
Slab:              34260 kB
SReclaimable:      14064 kB
SUnreclaim:        20196 kB
KernelStack:        4800 kB
PageTables:        16800 kB
NFS_Unstable:          0 kB
Bounce:                0 kB
WritebackTmp:          0 kB
CommitLimit:      503448 kB
Committed_AS:    2466976 kB
VmallocTotal:   34359738367 kB
VmallocUsed:           0 kB
VmallocChunk:          0 kB
HardwareCorrupted:     0 kB
AnonHugePages:         0 kB
ShmemHugePages:        0 kB
ShmemPmdMapped:        0 kB
HugePages_Total:       0
HugePages_Free:        0
HugePages_Rsvd:        0
HugePages_Surp:        0
Hugepagesize:       2048 kB
DirectMap4k:       86016 kB
DirectMap2M:      962560 kB

/sys/kernel/mm/transparent_hugepage/enabled:
always [madvise] never
/sys/kernel/mm/transparent_hugepage/defrag (defrag/compaction efforts parameter):
always defer defer+madvise [madvise] never

/proc/sys/kernel/threads-max (system-wide limit on the number of threads):
7698
/proc/sys/vm/max_map_count (maximum number of memory map areas a process may have):
65530
/proc/sys/kernel/pid_max (system-wide limit on number of process identifiers):
32768

container (cgroup) information:
container_type: cgroupv1
cpu_cpuset_cpus: 0
cpu_memory_nodes: 0
active_processor_count: 1
cpu_quota: -1
cpu_period: 100000
cpu_shares: -1
memory_limit_in_bytes: -1
memory_and_swap_limit_in_bytes: -1
memory_soft_limit_in_bytes: -1
memory_usage_in_bytes: 910491648
memory_max_usage_in_bytes: 0

Xen hardware-assisted virtualization detected
Steal ticks since vm start: 2
Steal ticks percentage since vm start:  0.011

CPU:total 1 (initial active 1) (1 cores per cpu, 1 threads per core) family 6 model 63 stepping 2, cmov, cx8, fxsr, mmx, sse, sse2, sse3, ssse3, sse4.1, sse4.2, popcnt, avx, avx2, aes, clmul, erms, lzcnt, tsc, bmi1, bmi2, fma
CPU Model and flags from /proc/cpuinfo:
model name	: Intel(R) Xeon(R) CPU E5-2676 v3 @ 2.40GHz
flags		: fpu vme de pse tsc msr pae mce cx8 apic sep mtrr pge mca cmov pat pse36 clflush mmx fxsr sse sse2 ht syscall nx rdtscp lm constant_tsc rep_good nopl xtopology cpuid pni pclmulqdq ssse3 fma cx16 pcid sse4_1 sse4_2 x2apic movbe popcnt tsc_deadline_timer aes xsave avx f16c rdrand hypervisor lahf_lm abm cpuid_fault invpcid_single pti fsgsbase bmi1 avx2 smep bmi2 erms invpcid xsaveopt
Online cpus:
0
Offline cpus:
1-14
BIOS frequency limitation:
<Not Available>
Frequency switch latency (ns):
<Not Available>
Available cpu frequencies:
<Not Available>
Current governor:
<Not Available>
Core performance/turbo boost:
<Not Available>

Memory: 4k page, physical 1006900k(49276k free), swap 0k(0k free)

vm_info: OpenJDK 64-Bit Server VM (11.0.9.1+12-LTS) for linux-amd64 JRE (11.0.9.1+12-LTS), built on Nov  4 2020 20:39:58 by "mockbuild" with gcc 7.3.1 20180712 (Red Hat 7.3.1-10)

END.
