OpenJDK 64-Bit Server VM warning: Failed to reserve shared memory. (error = 12)
OpenJDK 64-Bit Server VM warning: Failed to reserve shared memory. (error = 12)
OpenJDK 64-Bit Server VM warning: Failed to reserve shared memory. (error = 12)
2021-01-16 13:21:27.655 INFO  (main) [   ] o.e.j.u.log Logging initialized @2638ms to org.eclipse.jetty.util.log.Slf4jLog
2021-01-16 13:21:27.850 WARN  (main) [   ] o.e.j.x.XmlConfiguration Ignored arg: <Arg name="threadpool">
    <New id="threadpool" class="com.codahale.metrics.jetty9.InstrumentedQueuedThreadPool"><Arg name="registry">
        <Call id="solrJettyMetricRegistry" name="getOrCreate" class="com.codahale.metrics.SharedMetricRegistries"><Arg>solr.jetty</Arg></Call>
      </Arg></New>
  </Arg>
2021-01-16 13:21:28.203 INFO  (main) [   ] o.e.j.s.Server jetty-9.4.27.v20200227; built: 2020-02-27T18:37:21.340Z; git: a304fd9f351f337e7c0e2a7c28878dd536149c6c; jvm 11.0.9.1+12-LTS
2021-01-16 13:21:28.233 INFO  (main) [   ] o.e.j.d.p.ScanningAppProvider Deployment monitor [file:///var/www/html/solr-8.7.0/server/contexts/] at interval 0
2021-01-16 13:21:28.983 INFO  (main) [   ] o.e.j.w.StandardDescriptorProcessor NO JSP Support for /solr, did not find org.apache.jasper.servlet.JspServlet
2021-01-16 13:21:29.008 INFO  (main) [   ] o.e.j.s.session DefaultSessionIdManager workerName=node0
2021-01-16 13:21:29.009 INFO  (main) [   ] o.e.j.s.session No SessionScavenger set, using defaults
2021-01-16 13:21:29.014 INFO  (main) [   ] o.e.j.s.session node0 Scavenging every 660000ms
2021-01-16 13:21:29.148 INFO  (main) [   ] o.a.s.s.SolrDispatchFilter Using logger factory org.apache.logging.slf4j.Log4jLoggerFactory
2021-01-16 13:21:29.158 INFO  (main) [   ] o.a.s.s.SolrDispatchFilter  ___      _       Welcome to Apache Solr™ version 8.7.0
2021-01-16 13:21:29.165 INFO  (main) [   ] o.a.s.s.SolrDispatchFilter / __| ___| |_ _   Starting in standalone mode on port 8983
2021-01-16 13:21:29.165 INFO  (main) [   ] o.a.s.s.SolrDispatchFilter \__ \/ _ \ | '_|  Install dir: /var/www/html/solr-8.7.0
2021-01-16 13:21:29.169 INFO  (main) [   ] o.a.s.s.SolrDispatchFilter |___/\___/_|_|    Start time: 2021-01-16T13:21:29.169295Z
