OpenJDK 64-Bit Server VM warning: Failed to reserve shared memory. (error = 12)
OpenJDK 64-Bit Server VM warning: Failed to reserve shared memory. (error = 12)
OpenJDK 64-Bit Server VM warning: Failed to reserve shared memory. (error = 12)
2021-01-26 11:17:44.015 INFO  (main) [   ] o.e.j.u.log Logging initialized @2411ms to org.eclipse.jetty.util.log.Slf4jLog
2021-01-26 11:17:44.151 WARN  (main) [   ] o.e.j.x.XmlConfiguration Ignored arg: <Arg name="threadpool">
    <New id="threadpool" class="com.codahale.metrics.jetty9.InstrumentedQueuedThreadPool"><Arg name="registry">
        <Call id="solrJettyMetricRegistry" name="getOrCreate" class="com.codahale.metrics.SharedMetricRegistries"><Arg>solr.jetty</Arg></Call>
      </Arg></New>
  </Arg>
2021-01-26 11:17:44.458 INFO  (main) [   ] o.e.j.s.Server jetty-9.4.27.v20200227; built: 2020-02-27T18:37:21.340Z; git: a304fd9f351f337e7c0e2a7c28878dd536149c6c; jvm 11.0.9.1+12-LTS
2021-01-26 11:17:44.514 INFO  (main) [   ] o.e.j.d.p.ScanningAppProvider Deployment monitor [file:///var/www/html/tanka/solr-8.7.0/server/contexts/] at interval 0
2021-01-26 11:17:45.191 INFO  (main) [   ] o.e.j.w.StandardDescriptorProcessor NO JSP Support for /solr, did not find org.apache.jasper.servlet.JspServlet
2021-01-26 11:17:45.210 INFO  (main) [   ] o.e.j.s.session DefaultSessionIdManager workerName=node0
2021-01-26 11:17:45.211 INFO  (main) [   ] o.e.j.s.session No SessionScavenger set, using defaults
2021-01-26 11:17:45.219 INFO  (main) [   ] o.e.j.s.session node0 Scavenging every 660000ms
2021-01-26 11:17:45.339 INFO  (main) [   ] o.a.s.s.SolrDispatchFilter Using logger factory org.apache.logging.slf4j.Log4jLoggerFactory
2021-01-26 11:17:45.354 INFO  (main) [   ] o.a.s.s.SolrDispatchFilter  ___      _       Welcome to Apache Solr™ version 8.7.0
2021-01-26 11:17:45.355 INFO  (main) [   ] o.a.s.s.SolrDispatchFilter / __| ___| |_ _   Starting in standalone mode on port 8983
2021-01-26 11:17:45.355 INFO  (main) [   ] o.a.s.s.SolrDispatchFilter \__ \/ _ \ | '_|  Install dir: /var/www/html/tanka/solr-8.7.0
2021-01-26 11:17:45.356 INFO  (main) [   ] o.a.s.s.SolrDispatchFilter |___/\___/_|_|    Start time: 2021-01-26T11:17:45.356681Z
